{"name": "test_download_certification", "status": "failed", "statusDetails": {"message": "AssertionError: PDF download failed\nassert False == True\n +  where False = const.pdf_file_9_download_status", "trace": "self = <test_9_profile.TestProfile object at 0x104a75520>\n\n    def test_download_certification(self): # FIRST REMOVE THE SAME PREVIOUS DOWNLOADED FROM PATH DIR\n        self.download_certificate()\n        self.checking_download_function()\n>       assert const.pdf_file_9_download_status == True, \"PDF download failed\"\nE       AssertionError: PDF download failed\nE       assert False == True\nE        +  where False = const.pdf_file_9_download_status\n\ntest_9_profile.py:168: AssertionError"}, "attachments": [{"name": "stdout", "source": "70a5ba48-b286-4cce-a200-c3042763d741-attachment.txt", "type": "text/plain"}], "start": 1720026530407, "stop": 1720026542823, "uuid": "a2b7dc77-b4a0-48af-b514-a7c37aa1ae49", "historyId": "8751a67d020b9c7a5aa55dc42f5dffb4", "testCaseId": "8751a67d020b9c7a5aa55dc42f5dffb4", "fullName": "tests.test_9_profile.TestProfile#test_download_certification", "labels": [{"name": "parentSuite", "value": "tests"}, {"name": "suite", "value": "test_9_profile"}, {"name": "subSuite", "value": "TestProfile"}, {"name": "host", "value": "Ismets-Air.home"}, {"name": "thread", "value": "73727-MainThread"}, {"name": "framework", "value": "pytest"}, {"name": "language", "value": "cpython3"}, {"name": "package", "value": "tests.test_9_profile"}]}