{"name": "test_navigating_to_share_dropdown", "status": "failed", "statusDetails": {"message": "AssertionError: assert None == 'Profil Linki'\n +  where None = <pages.page_9_profile.ProfilePage object at 0x101a50590>.title_share_profile_link\n +    where <pages.page_9_profile.ProfilePage object at 0x101a50590> = <test_9_profile.TestProfile object at 0x1025c46b0>.page\n +  and   'Profil Linki' = const.title_9_profile_share_link", "trace": "self = <test_9_profile.TestProfile object at 0x1025c46b0>\n\n    @pytest.mark.navigating_2\n    def test_navigating_to_share_dropdown(self):\n        self.navigating_to_share_dropdown()\n>       assert self.page.title_share_profile_link == const.title_9_profile_share_link\nE       AssertionError: assert None == 'Profil Linki'\nE        +  where None = <pages.page_9_profile.ProfilePage object at 0x101a50590>.title_share_profile_link\nE        +    where <pages.page_9_profile.ProfilePage object at 0x101a50590> = <test_9_profile.TestProfile object at 0x1025c46b0>.page\nE        +  and   'Profil Linki' = const.title_9_profile_share_link\n\ntest_9_profile.py:50: AssertionError"}, "start": 1719857359179, "stop": 1719857362630, "uuid": "52af76e3-c7fc-4272-93fb-11b324314242", "historyId": "a83f753f1aad47224ebc31c45602e76f", "testCaseId": "a83f753f1aad47224ebc31c45602e76f", "fullName": "tests.test_9_profile.TestProfile#test_navigating_to_share_dropdown", "labels": [{"name": "tag", "value": "navigating_2"}, {"name": "parentSuite", "value": "tests"}, {"name": "suite", "value": "test_9_profile"}, {"name": "subSuite", "value": "TestProfile"}, {"name": "host", "value": "Ismets-Air.home"}, {"name": "thread", "value": "44802-MainThread"}, {"name": "framework", "value": "pytest"}, {"name": "language", "value": "cpython3"}, {"name": "package", "value": "tests.test_9_profile"}]}