{"name": "test_download_certification", "status": "failed", "statusDetails": {"message": "AssertionError: PDF download failed\nassert False == True\n +  where False = const.pdf_file_9_download_status", "trace": "self = <test_9_profile.TestProfile object at 0x105b89220>\n\n    def test_download_certification(self):\n        self.download_certificate()\n        self.checking_download_function()\n>       assert const.pdf_file_9_download_status == True, \"PDF download failed\"\nE       AssertionError: PDF download failed\nE       assert False == True\nE        +  where False = const.pdf_file_9_download_status\n\ntest_9_profile.py:153: AssertionError"}, "attachments": [{"name": "stdout", "source": "b3d9f25d-986f-4737-8992-8e229872eee8-attachment.txt", "type": "text/plain"}], "start": 1719958596492, "stop": 1719958626156, "uuid": "c07a5803-db68-4479-bc48-70305d0d9f60", "historyId": "8751a67d020b9c7a5aa55dc42f5dffb4", "testCaseId": "8751a67d020b9c7a5aa55dc42f5dffb4", "fullName": "tests.test_9_profile.TestProfile#test_download_certification", "labels": [{"name": "parentSuite", "value": "tests"}, {"name": "suite", "value": "test_9_profile"}, {"name": "subSuite", "value": "TestProfile"}, {"name": "host", "value": "Ismets-Air.home"}, {"name": "thread", "value": "57950-MainThread"}, {"name": "framework", "value": "pytest"}, {"name": "language", "value": "cpython3"}, {"name": "package", "value": "tests.test_9_profile"}]}