{"name": "test_download_certification", "status": "failed", "statusDetails": {"message": "AssertionError: PDF download failed\nassert False == True\n +  where False = const.pdf_file_9_download_status", "trace": "self = <test_9_profile.TestProfile object at 0x103fe9430>\n\n    def test_download_certification(self):\n        self.download_certificate()\n        self.checking_download_function()\n>       assert const.pdf_file_9_download_status == True, \"PDF download failed\"\nE       AssertionError: PDF download failed\nE       assert False == True\nE        +  where False = const.pdf_file_9_download_status\n\ntest_9_profile.py:151: AssertionError"}, "attachments": [{"name": "stdout", "source": "c8149932-b1c5-436e-99eb-910cf63bdbe4-attachment.txt", "type": "text/plain"}], "start": 1719957380366, "stop": 1719957389977, "uuid": "7dbc5344-9aee-46ab-aa3b-d1ef35fb3dec", "historyId": "8751a67d020b9c7a5aa55dc42f5dffb4", "testCaseId": "8751a67d020b9c7a5aa55dc42f5dffb4", "fullName": "tests.test_9_profile.TestProfile#test_download_certification", "labels": [{"name": "parentSuite", "value": "tests"}, {"name": "suite", "value": "test_9_profile"}, {"name": "subSuite", "value": "TestProfile"}, {"name": "host", "value": "Ismets-Air.home"}, {"name": "thread", "value": "56801-MainThread"}, {"name": "framework", "value": "pytest"}, {"name": "language", "value": "cpython3"}, {"name": "package", "value": "tests.test_9_profile"}]}